{"/Users/petersmart/Projects/nodejs/weaverkit/packages/errors/src/index.ts": {"path":"/Users/petersmart/Projects/nodejs/weaverkit/packages/errors/src/index.ts","statementMap":{"0":{"start":{"line":1,"column":0},"end":{"line":1,"column":38}},"1":{"start":{"line":18,"column":2},"end":{"line":18,"column":17}},"2":{"start":{"line":9,"column":8},"end":{"line":9,"column":24}},"3":{"start":{"line":10,"column":8},"end":{"line":10,"column":26}},"4":{"start":{"line":20,"column":2},"end":{"line":20,"column":36}},"5":{"start":{"line":22,"column":2},"end":{"line":24,"column":null}},"6":{"start":{"line":23,"column":3},"end":{"line":23,"column":26}},"7":{"start":{"line":28,"column":2},"end":{"line":28,"column":19}},"8":{"start":{"line":29,"column":2},"end":{"line":29,"column":14}},"9":{"start":{"line":33,"column":2},"end":{"line":33,"column":19}},"10":{"start":{"line":34,"column":2},"end":{"line":34,"column":14}},"11":{"start":{"line":38,"column":2},"end":{"line":38,"column":25}},"12":{"start":{"line":39,"column":2},"end":{"line":39,"column":14}},"13":{"start":{"line":43,"column":2},"end":{"line":43,"column":21}},"14":{"start":{"line":44,"column":2},"end":{"line":44,"column":14}},"15":{"start":{"line":48,"column":2},"end":{"line":48,"column":31}},"16":{"start":{"line":49,"column":2},"end":{"line":49,"column":14}},"17":{"start":{"line":53,"column":2},"end":{"line":53,"column":27}},"18":{"start":{"line":54,"column":2},"end":{"line":54,"column":14}},"19":{"start":{"line":58,"column":2},"end":{"line":58,"column":37}},"20":{"start":{"line":62,"column":2},"end":{"line":64,"column":null}},"21":{"start":{"line":63,"column":3},"end":{"line":63,"column":15}},"22":{"start":{"line":65,"column":2},"end":{"line":68,"column":9}},"23":{"start":{"line":66,"column":3},"end":{"line":66,"column":39}},"24":{"start":{"line":67,"column":3},"end":{"line":67,"column":16}},"25":{"start":{"line":3,"column":0},"end":{"line":3,"column":22}},"26":{"start":{"line":77,"column":2},"end":{"line":77,"column":17}},"27":{"start":{"line":76,"column":20},"end":{"line":76,"column":30}},"28":{"start":{"line":73,"column":8},"end":{"line":73,"column":23}},"29":{"start":{"line":74,"column":8},"end":{"line":74,"column":35}},"30":{"start":{"line":72,"column":0},"end":{"line":72,"column":13}},"31":{"start":{"line":82,"column":8},"end":{"line":82,"column":40}},"32":{"start":{"line":81,"column":0},"end":{"line":81,"column":13}},"33":{"start":{"line":89,"column":2},"end":{"line":89,"column":17}},"34":{"start":{"line":88,"column":20},"end":{"line":88,"column":30}},"35":{"start":{"line":86,"column":8},"end":{"line":86,"column":38}},"36":{"start":{"line":85,"column":0},"end":{"line":85,"column":13}},"37":{"start":{"line":98,"column":2},"end":{"line":98,"column":17}},"38":{"start":{"line":97,"column":20},"end":{"line":97,"column":30}},"39":{"start":{"line":94,"column":8},"end":{"line":94,"column":23}},"40":{"start":{"line":95,"column":8},"end":{"line":95,"column":36}},"41":{"start":{"line":93,"column":0},"end":{"line":93,"column":13}},"42":{"start":{"line":107,"column":2},"end":{"line":107,"column":17}},"43":{"start":{"line":106,"column":20},"end":{"line":106,"column":30}},"44":{"start":{"line":103,"column":8},"end":{"line":103,"column":23}},"45":{"start":{"line":104,"column":8},"end":{"line":104,"column":33}},"46":{"start":{"line":102,"column":0},"end":{"line":102,"column":13}},"47":{"start":{"line":116,"column":2},"end":{"line":116,"column":17}},"48":{"start":{"line":115,"column":20},"end":{"line":115,"column":30}},"49":{"start":{"line":112,"column":8},"end":{"line":112,"column":23}},"50":{"start":{"line":113,"column":8},"end":{"line":113,"column":33}},"51":{"start":{"line":111,"column":0},"end":{"line":111,"column":13}},"52":{"start":{"line":125,"column":2},"end":{"line":125,"column":17}},"53":{"start":{"line":124,"column":20},"end":{"line":124,"column":30}},"54":{"start":{"line":121,"column":8},"end":{"line":121,"column":23}},"55":{"start":{"line":122,"column":8},"end":{"line":122,"column":32}},"56":{"start":{"line":120,"column":0},"end":{"line":120,"column":13}},"57":{"start":{"line":134,"column":2},"end":{"line":134,"column":17}},"58":{"start":{"line":133,"column":20},"end":{"line":133,"column":30}},"59":{"start":{"line":130,"column":8},"end":{"line":130,"column":23}},"60":{"start":{"line":131,"column":8},"end":{"line":131,"column":44}},"61":{"start":{"line":129,"column":0},"end":{"line":129,"column":13}},"62":{"start":{"line":143,"column":2},"end":{"line":143,"column":17}},"63":{"start":{"line":142,"column":20},"end":{"line":142,"column":30}},"64":{"start":{"line":139,"column":8},"end":{"line":139,"column":40}},"65":{"start":{"line":147,"column":2},"end":{"line":147,"column":23}},"66":{"start":{"line":148,"column":2},"end":{"line":148,"column":14}},"67":{"start":{"line":152,"column":2},"end":{"line":152,"column":42}},"68":{"start":{"line":138,"column":0},"end":{"line":138,"column":13}},"69":{"start":{"line":161,"column":2},"end":{"line":161,"column":17}},"70":{"start":{"line":160,"column":20},"end":{"line":160,"column":30}},"71":{"start":{"line":157,"column":8},"end":{"line":157,"column":23}},"72":{"start":{"line":158,"column":8},"end":{"line":158,"column":43}},"73":{"start":{"line":167,"column":2},"end":{"line":167,"column":33}},"74":{"start":{"line":156,"column":0},"end":{"line":156,"column":13}},"75":{"start":{"line":176,"column":2},"end":{"line":176,"column":17}},"76":{"start":{"line":175,"column":20},"end":{"line":175,"column":30}},"77":{"start":{"line":172,"column":8},"end":{"line":172,"column":23}},"78":{"start":{"line":173,"column":8},"end":{"line":173,"column":30}},"79":{"start":{"line":171,"column":0},"end":{"line":171,"column":13}},"80":{"start":{"line":183,"column":2},"end":{"line":183,"column":17}},"81":{"start":{"line":182,"column":20},"end":{"line":182,"column":36}},"82":{"start":{"line":181,"column":8},"end":{"line":181,"column":28}},"83":{"start":{"line":180,"column":0},"end":{"line":180,"column":13}},"84":{"start":{"line":189,"column":2},"end":{"line":191,"column":null}},"85":{"start":{"line":190,"column":3},"end":{"line":190,"column":16}},"86":{"start":{"line":192,"column":2},"end":{"line":192,"column":43}},"87":{"start":{"line":196,"column":18},"end":{"line":196,"column":34}},"88":{"start":{"line":197,"column":2},"end":{"line":197,"column":31}},"89":{"start":{"line":198,"column":2},"end":{"line":198,"column":17}},"90":{"start":{"line":202,"column":20},"end":{"line":202,"column":52}},"91":{"start":{"line":203,"column":2},"end":{"line":203,"column":42}},"92":{"start":{"line":204,"column":2},"end":{"line":204,"column":30}},"93":{"start":{"line":187,"column":0},"end":{"line":187,"column":13}}},"fnMap":{"0":{"name":"(anonymous_0)","decl":{"start":{"line":17,"column":1},"end":{"line":17,"column":13}},"loc":{"start":{"line":17,"column":26},"end":{"line":25,"column":2}}},"1":{"name":"(anonymous_1)","decl":{"start":{"line":27,"column":8},"end":{"line":27,"column":15}},"loc":{"start":{"line":27,"column":37},"end":{"line":30,"column":2}}},"2":{"name":"(anonymous_2)","decl":{"start":{"line":32,"column":8},"end":{"line":32,"column":15}},"loc":{"start":{"line":32,"column":25},"end":{"line":35,"column":2}}},"3":{"name":"(anonymous_3)","decl":{"start":{"line":37,"column":8},"end":{"line":37,"column":18}},"loc":{"start":{"line":37,"column":31},"end":{"line":40,"column":2}}},"4":{"name":"(anonymous_4)","decl":{"start":{"line":42,"column":8},"end":{"line":42,"column":16}},"loc":{"start":{"line":42,"column":29},"end":{"line":45,"column":2}}},"5":{"name":"(anonymous_5)","decl":{"start":{"line":47,"column":8},"end":{"line":47,"column":21}},"loc":{"start":{"line":47,"column":41},"end":{"line":50,"column":2}}},"6":{"name":"(anonymous_6)","decl":{"start":{"line":52,"column":8},"end":{"line":52,"column":19}},"loc":{"start":{"line":52,"column":37},"end":{"line":55,"column":2}}},"7":{"name":"(anonymous_7)","decl":{"start":{"line":57,"column":11},"end":{"line":57,"column":20}},"loc":{"start":{"line":57,"column":20},"end":{"line":59,"column":2}}},"8":{"name":"(anonymous_8)","decl":{"start":{"line":61,"column":8},"end":{"line":61,"column":14}},"loc":{"start":{"line":61,"column":33},"end":{"line":69,"column":2}}},"9":{"name":"(anonymous_9)","decl":{"start":{"line":65,"column":33},"end":{"line":65,"column":34}},"loc":{"start":{"line":65,"column":71},"end":{"line":68,"column":3}}},"10":{"name":"(anonymous_10)","decl":{"start":{"line":76,"column":1},"end":{"line":76,"column":20}},"loc":{"start":{"line":76,"column":44},"end":{"line":78,"column":2}}},"11":{"name":"(anonymous_11)","decl":{"start":{"line":81,"column":0},"end":{"line":81,"column":13}},"loc":{"start":{"line":81,"column":0},"end":{"line":83,"column":1}}},"12":{"name":"(anonymous_12)","decl":{"start":{"line":88,"column":1},"end":{"line":88,"column":20}},"loc":{"start":{"line":88,"column":60},"end":{"line":90,"column":2}}},"13":{"name":"(anonymous_13)","decl":{"start":{"line":97,"column":1},"end":{"line":97,"column":20}},"loc":{"start":{"line":97,"column":45},"end":{"line":99,"column":2}}},"14":{"name":"(anonymous_14)","decl":{"start":{"line":106,"column":1},"end":{"line":106,"column":20}},"loc":{"start":{"line":106,"column":42},"end":{"line":108,"column":2}}},"15":{"name":"(anonymous_15)","decl":{"start":{"line":115,"column":1},"end":{"line":115,"column":20}},"loc":{"start":{"line":115,"column":42},"end":{"line":117,"column":2}}},"16":{"name":"(anonymous_16)","decl":{"start":{"line":124,"column":1},"end":{"line":124,"column":20}},"loc":{"start":{"line":124,"column":41},"end":{"line":126,"column":2}}},"17":{"name":"(anonymous_17)","decl":{"start":{"line":133,"column":1},"end":{"line":133,"column":20}},"loc":{"start":{"line":133,"column":53},"end":{"line":135,"column":2}}},"18":{"name":"(anonymous_18)","decl":{"start":{"line":142,"column":1},"end":{"line":142,"column":20}},"loc":{"start":{"line":142,"column":94},"end":{"line":144,"column":2}}},"19":{"name":"(anonymous_19)","decl":{"start":{"line":146,"column":8},"end":{"line":146,"column":17}},"loc":{"start":{"line":146,"column":29},"end":{"line":149,"column":2}}},"20":{"name":"(anonymous_20)","decl":{"start":{"line":151,"column":11},"end":{"line":151,"column":20}},"loc":{"start":{"line":151,"column":20},"end":{"line":153,"column":2}}},"21":{"name":"(anonymous_21)","decl":{"start":{"line":160,"column":1},"end":{"line":160,"column":20}},"loc":{"start":{"line":160,"column":52},"end":{"line":162,"column":2}}},"22":{"name":"(anonymous_22)","decl":{"start":{"line":166,"column":8},"end":{"line":166,"column":22}},"loc":{"start":{"line":166,"column":42},"end":{"line":168,"column":2}}},"23":{"name":"(anonymous_23)","decl":{"start":{"line":175,"column":1},"end":{"line":175,"column":20}},"loc":{"start":{"line":175,"column":45},"end":{"line":177,"column":2}}},"24":{"name":"(anonymous_24)","decl":{"start":{"line":182,"column":1},"end":{"line":182,"column":20}},"loc":{"start":{"line":182,"column":54},"end":{"line":184,"column":2}}},"25":{"name":"(anonymous_25)","decl":{"start":{"line":188,"column":1},"end":{"line":188,"column":5}},"loc":{"start":{"line":188,"column":18},"end":{"line":193,"column":2}}},"26":{"name":"(anonymous_26)","decl":{"start":{"line":195,"column":1},"end":{"line":195,"column":7}},"loc":{"start":{"line":195,"column":20},"end":{"line":199,"column":2}}},"27":{"name":"(anonymous_27)","decl":{"start":{"line":201,"column":1},"end":{"line":201,"column":7}},"loc":{"start":{"line":201,"column":37},"end":{"line":205,"column":2}}}},"branchMap":{"0":{"loc":{"start":{"line":22,"column":2},"end":{"line":24,"column":null}},"type":"if","locations":[{"start":{"line":22,"column":2},"end":{"line":24,"column":null}},{"start":{"line":22,"column":2},"end":{"line":24,"column":null}}]},"1":{"loc":{"start":{"line":61,"column":28},"end":{"line":61,"column":33}},"type":"default-arg","locations":[{"start":{"line":61,"column":28},"end":{"line":61,"column":33}}]},"2":{"loc":{"start":{"line":62,"column":2},"end":{"line":64,"column":null}},"type":"if","locations":[{"start":{"line":62,"column":2},"end":{"line":64,"column":null}},{"start":{"line":62,"column":2},"end":{"line":64,"column":null}}]},"3":{"loc":{"start":{"line":76,"column":30},"end":{"line":76,"column":44}},"type":"default-arg","locations":[{"start":{"line":76,"column":30},"end":{"line":76,"column":44}}]},"4":{"loc":{"start":{"line":88,"column":30},"end":{"line":88,"column":60}},"type":"default-arg","locations":[{"start":{"line":88,"column":30},"end":{"line":88,"column":60}}]},"5":{"loc":{"start":{"line":97,"column":30},"end":{"line":97,"column":45}},"type":"default-arg","locations":[{"start":{"line":97,"column":30},"end":{"line":97,"column":45}}]},"6":{"loc":{"start":{"line":106,"column":30},"end":{"line":106,"column":42}},"type":"default-arg","locations":[{"start":{"line":106,"column":30},"end":{"line":106,"column":42}}]},"7":{"loc":{"start":{"line":115,"column":30},"end":{"line":115,"column":42}},"type":"default-arg","locations":[{"start":{"line":115,"column":30},"end":{"line":115,"column":42}}]},"8":{"loc":{"start":{"line":124,"column":30},"end":{"line":124,"column":41}},"type":"default-arg","locations":[{"start":{"line":124,"column":30},"end":{"line":124,"column":41}}]},"9":{"loc":{"start":{"line":133,"column":30},"end":{"line":133,"column":53}},"type":"default-arg","locations":[{"start":{"line":133,"column":30},"end":{"line":133,"column":53}}]},"10":{"loc":{"start":{"line":142,"column":30},"end":{"line":142,"column":94}},"type":"default-arg","locations":[{"start":{"line":142,"column":30},"end":{"line":142,"column":94}}]},"11":{"loc":{"start":{"line":160,"column":30},"end":{"line":160,"column":52}},"type":"default-arg","locations":[{"start":{"line":160,"column":30},"end":{"line":160,"column":52}}]},"12":{"loc":{"start":{"line":175,"column":30},"end":{"line":175,"column":45}},"type":"default-arg","locations":[{"start":{"line":175,"column":30},"end":{"line":175,"column":45}}]},"13":{"loc":{"start":{"line":189,"column":2},"end":{"line":191,"column":null}},"type":"if","locations":[{"start":{"line":189,"column":2},"end":{"line":191,"column":null}},{"start":{"line":189,"column":2},"end":{"line":191,"column":null}}]},"14":{"loc":{"start":{"line":201,"column":32},"end":{"line":201,"column":37}},"type":"default-arg","locations":[{"start":{"line":201,"column":32},"end":{"line":201,"column":37}}]}},"s":{"0":1,"1":14,"2":14,"3":14,"4":14,"5":14,"6":14,"7":12,"8":12,"9":12,"10":12,"11":12,"12":12,"13":1,"14":1,"15":12,"16":12,"17":12,"18":12,"19":24,"20":48,"21":24,"22":24,"23":74,"24":74,"25":1,"26":4,"27":4,"28":4,"29":4,"30":1,"31":1,"32":1,"33":1,"34":1,"35":1,"36":1,"37":1,"38":1,"39":1,"40":1,"41":1,"42":1,"43":1,"44":1,"45":1,"46":1,"47":1,"48":1,"49":1,"50":1,"51":1,"52":1,"53":1,"54":1,"55":1,"56":1,"57":2,"58":2,"59":2,"60":2,"61":1,"62":1,"63":1,"64":1,"65":1,"66":1,"67":2,"68":1,"69":1,"70":1,"71":1,"72":1,"73":1,"74":1,"75":2,"76":2,"77":2,"78":2,"79":1,"80":1,"81":1,"82":1,"83":1,"84":37,"85":36,"86":1,"87":12,"88":12,"89":12,"90":24,"91":24,"92":24,"93":1},"f":{"0":14,"1":12,"2":12,"3":12,"4":1,"5":12,"6":12,"7":24,"8":48,"9":74,"10":4,"11":1,"12":1,"13":1,"14":1,"15":1,"16":1,"17":2,"18":1,"19":1,"20":2,"21":1,"22":1,"23":2,"24":1,"25":37,"26":12,"27":24},"b":{"0":[14,0],"1":[0],"2":[24,24],"3":[1],"4":[0],"5":[0],"6":[0],"7":[0],"8":[0],"9":[0],"10":[0],"11":[0],"12":[1],"13":[36,1],"14":[0]}}
,"/Users/petersmart/Projects/nodejs/weaverkit/packages/utils/src/index.ts": {"path":"/Users/petersmart/Projects/nodejs/weaverkit/packages/utils/src/index.ts","statementMap":{"0":{"start":{"line":1,"column":0},"end":{"line":1,"column":30}},"1":{"start":{"line":2,"column":0},"end":{"line":2,"column":36}},"2":{"start":{"line":5,"column":13},"end":{"line":5,"column":49}},"3":{"start":{"line":7,"column":13},"end":{"line":9,"column":2}},"4":{"start":{"line":8,"column":1},"end":{"line":8,"column":29}},"5":{"start":{"line":11,"column":13},"end":{"line":13,"column":2}},"6":{"start":{"line":12,"column":1},"end":{"line":12,"column":17}},"7":{"start":{"line":15,"column":13},"end":{"line":17,"column":2}},"8":{"start":{"line":16,"column":1},"end":{"line":16,"column":27}},"9":{"start":{"line":19,"column":13},"end":{"line":22,"column":2}},"10":{"start":{"line":21,"column":1},"end":{"line":21,"column":116}}},"fnMap":{"0":{"name":"(anonymous_1)","decl":{"start":{"line":5,"column":20},"end":{"line":5,"column":21}},"loc":{"start":{"line":5,"column":45},"end":{"line":5,"column":48}}},"1":{"name":"(anonymous_2)","decl":{"start":{"line":7,"column":34},"end":{"line":7,"column":37}},"loc":{"start":{"line":7,"column":39},"end":{"line":9,"column":1}}},"2":{"name":"(anonymous_3)","decl":{"start":{"line":11,"column":34},"end":{"line":11,"column":37}},"loc":{"start":{"line":11,"column":39},"end":{"line":13,"column":1}}},"3":{"name":"(anonymous_4)","decl":{"start":{"line":15,"column":26},"end":{"line":15,"column":29}},"loc":{"start":{"line":15,"column":31},"end":{"line":17,"column":1}}},"4":{"name":"(anonymous_5)","decl":{"start":{"line":19,"column":25},"end":{"line":19,"column":26}},"loc":{"start":{"line":19,"column":44},"end":{"line":22,"column":1}}}},"branchMap":{},"s":{"0":1,"1":1,"2":1,"3":1,"4":1,"5":1,"6":1,"7":1,"8":1,"9":1,"10":1},"f":{"0":0,"1":1,"2":1,"3":1,"4":1},"b":{}}
,"/Users/petersmart/Projects/nodejs/weaverkit/packages/validator/src/index.ts": {"path":"/Users/petersmart/Projects/nodejs/weaverkit/packages/validator/src/index.ts","statementMap":{"0":{"start":{"line":2,"column":0},"end":{"line":2,"column":28}}},"fnMap":{},"branchMap":{},"s":{"0":1},"f":{},"b":{}}
,"/Users/petersmart/Projects/nodejs/weaverkit/packages/validator/src/validator.ts": {"path":"/Users/petersmart/Projects/nodejs/weaverkit/packages/validator/src/validator.ts","statementMap":{"0":{"start":{"line":1,"column":0},"end":{"line":1,"column":36}},"1":{"start":{"line":3,"column":24},"end":{"line":3,"column":57}},"2":{"start":{"line":4,"column":24},"end":{"line":4,"column":128}},"3":{"start":{"line":6,"column":20},"end":{"line":6,"column":93}},"4":{"start":{"line":6,"column":38},"end":{"line":6,"column":93}},"5":{"start":{"line":7,"column":20},"end":{"line":7,"column":93}},"6":{"start":{"line":7,"column":38},"end":{"line":7,"column":93}},"7":{"start":{"line":14,"column":20},"end":{"line":14,"column":30}},"8":{"start":{"line":14,"column":39},"end":{"line":14,"column":62}},"9":{"start":{"line":15,"column":2},"end":{"line":20,"column":4}},"10":{"start":{"line":24,"column":16},"end":{"line":24,"column":44}},"11":{"start":{"line":25,"column":2},"end":{"line":25,"column":35}},"12":{"start":{"line":26,"column":2},"end":{"line":26,"column":15}},"13":{"start":{"line":30,"column":2},"end":{"line":32,"column":null}},"14":{"start":{"line":31,"column":3},"end":{"line":31,"column":53}},"15":{"start":{"line":33,"column":2},"end":{"line":33,"column":21}},"16":{"start":{"line":37,"column":2},"end":{"line":37,"column":28}},"17":{"start":{"line":38,"column":2},"end":{"line":38,"column":14}},"18":{"start":{"line":42,"column":2},"end":{"line":42,"column":29}},"19":{"start":{"line":43,"column":2},"end":{"line":43,"column":14}},"20":{"start":{"line":47,"column":2},"end":{"line":49,"column":5}},"21":{"start":{"line":48,"column":3},"end":{"line":48,"column":36}},"22":{"start":{"line":54,"column":2},"end":{"line":63,"column":53}},"23":{"start":{"line":55,"column":28},"end":{"line":55,"column":35}},"24":{"start":{"line":56,"column":3},"end":{"line":58,"column":null}},"25":{"start":{"line":57,"column":4},"end":{"line":57,"column":17}},"26":{"start":{"line":59,"column":3},"end":{"line":61,"column":null}},"27":{"start":{"line":60,"column":4},"end":{"line":60,"column":26}},"28":{"start":{"line":62,"column":3},"end":{"line":62,"column":15}},"29":{"start":{"line":67,"column":2},"end":{"line":70,"column":5}},"30":{"start":{"line":71,"column":2},"end":{"line":71,"column":14}},"31":{"start":{"line":75,"column":2},"end":{"line":78,"column":5}},"32":{"start":{"line":79,"column":2},"end":{"line":79,"column":14}},"33":{"start":{"line":83,"column":14},"end":{"line":83,"column":41}},"34":{"start":{"line":84,"column":2},"end":{"line":86,"column":null}},"35":{"start":{"line":85,"column":3},"end":{"line":85,"column":15}},"36":{"start":{"line":87,"column":2},"end":{"line":87,"column":50}},"37":{"start":{"line":88,"column":2},"end":{"line":88,"column":14}},"38":{"start":{"line":92,"column":2},"end":{"line":92,"column":25}},"39":{"start":{"line":93,"column":2},"end":{"line":93,"column":14}},"40":{"start":{"line":97,"column":2},"end":{"line":97,"column":19}},"41":{"start":{"line":11,"column":0},"end":{"line":11,"column":13}},"42":{"start":{"line":101,"column":0},"end":{"line":121,"column":null}},"43":{"start":{"line":102,"column":1},"end":{"line":120,"column":null}},"44":{"start":{"line":103,"column":2},"end":{"line":119,"column":null}},"45":{"start":{"line":104,"column":4},"end":{"line":110,"column":5}},"46":{"start":{"line":105,"column":4},"end":{"line":108,"column":7}},"47":{"start":{"line":109,"column":4},"end":{"line":109,"column":16}},"48":{"start":{"line":111,"column":9},"end":{"line":119,"column":null}},"49":{"start":{"line":112,"column":4},"end":{"line":118,"column":5}},"50":{"start":{"line":113,"column":4},"end":{"line":116,"column":7}},"51":{"start":{"line":117,"column":4},"end":{"line":117,"column":16}},"52":{"start":{"line":125,"column":20},"end":{"line":125,"column":67}},"53":{"start":{"line":126,"column":2},"end":{"line":126,"column":33}},"54":{"start":{"line":130,"column":2},"end":{"line":130,"column":25}},"55":{"start":{"line":131,"column":2},"end":{"line":131,"column":14}},"56":{"start":{"line":123,"column":0},"end":{"line":123,"column":13}},"57":{"start":{"line":136,"column":1},"end":{"line":136,"column":31}},"58":{"start":{"line":135,"column":0},"end":{"line":135,"column":16}},"59":{"start":{"line":140,"column":1},"end":{"line":140,"column":25}},"60":{"start":{"line":139,"column":0},"end":{"line":139,"column":16}},"61":{"start":{"line":144,"column":13},"end":{"line":257,"column":2}},"62":{"start":{"line":144,"column":115},"end":{"line":257,"column":2}},"63":{"start":{"line":145,"column":44},"end":{"line":145,"column":51}},"64":{"start":{"line":146,"column":21},"end":{"line":146,"column":23}},"65":{"start":{"line":148,"column":1},"end":{"line":255,"column":null}},"66":{"start":{"line":149,"column":15},"end":{"line":149,"column":19}},"67":{"start":{"line":150,"column":2},"end":{"line":176,"column":null}},"68":{"start":{"line":151,"column":3},"end":{"line":151,"column":21}},"69":{"start":{"line":152,"column":9},"end":{"line":176,"column":null}},"70":{"start":{"line":153,"column":23},"end":{"line":153,"column":25}},"71":{"start":{"line":154,"column":3},"end":{"line":166,"column":null}},"72":{"start":{"line":155,"column":4},"end":{"line":157,"column":null}},"73":{"start":{"line":156,"column":5},"end":{"line":156,"column":29}},"74":{"start":{"line":158,"column":23},"end":{"line":158,"column":62}},"75":{"start":{"line":159,"column":4},"end":{"line":165,"column":null}},"76":{"start":{"line":160,"column":5},"end":{"line":160,"column":19}},"77":{"start":{"line":161,"column":5},"end":{"line":161,"column":11}},"78":{"start":{"line":163,"column":5},"end":{"line":163,"column":34}},"79":{"start":{"line":164,"column":5},"end":{"line":164,"column":20}},"80":{"start":{"line":167,"column":3},"end":{"line":172,"column":null}},"81":{"start":{"line":168,"column":4},"end":{"line":171,"column":7}},"82":{"start":{"line":173,"column":3},"end":{"line":173,"column":12}},"83":{"start":{"line":174,"column":9},"end":{"line":176,"column":null}},"84":{"start":{"line":175,"column":3},"end":{"line":175,"column":12}},"85":{"start":{"line":177,"column":32},"end":{"line":177,"column":36}},"86":{"start":{"line":177,"column":20},"end":{"line":177,"column":32}},"87":{"start":{"line":178,"column":14},"end":{"line":178,"column":16}},"88":{"start":{"line":179,"column":2},"end":{"line":183,"column":null}},"89":{"start":{"line":180,"column":3},"end":{"line":180,"column":28}},"90":{"start":{"line":182,"column":3},"end":{"line":182,"column":20}},"91":{"start":{"line":184,"column":2},"end":{"line":254,"column":null}},"92":{"start":{"line":185,"column":17},"end":{"line":185,"column":32}},"93":{"start":{"line":186,"column":3},"end":{"line":186,"column":18}},"94":{"start":{"line":187,"column":21},"end":{"line":187,"column":36}},"95":{"start":{"line":188,"column":3},"end":{"line":197,"column":null}},"96":{"start":{"line":189,"column":4},"end":{"line":189,"column":19}},"97":{"start":{"line":190,"column":4},"end":{"line":193,"column":7}},"98":{"start":{"line":194,"column":4},"end":{"line":196,"column":null}},"99":{"start":{"line":195,"column":5},"end":{"line":195,"column":14}},"100":{"start":{"line":198,"column":3},"end":{"line":200,"column":null}},"101":{"start":{"line":199,"column":4},"end":{"line":199,"column":13}},"102":{"start":{"line":201,"column":3},"end":{"line":244,"column":null}},"103":{"start":{"line":202,"column":4},"end":{"line":207,"column":null}},"104":{"start":{"line":203,"column":26},"end":{"line":203,"column":61}},"105":{"start":{"line":204,"column":5},"end":{"line":204,"column":34}},"106":{"start":{"line":205,"column":5},"end":{"line":205,"column":77}},"107":{"start":{"line":206,"column":5},"end":{"line":206,"column":14}},"108":{"start":{"line":208,"column":45},"end":{"line":208,"column":57}},"109":{"start":{"line":209,"column":4},"end":{"line":243,"column":null}},"110":{"start":{"line":210,"column":5},"end":{"line":227,"column":null}},"111":{"start":{"line":211,"column":6},"end":{"line":220,"column":null}},"112":{"start":{"line":212,"column":7},"end":{"line":212,"column":22}},"113":{"start":{"line":213,"column":7},"end":{"line":216,"column":10}},"114":{"start":{"line":217,"column":7},"end":{"line":219,"column":null}},"115":{"start":{"line":218,"column":8},"end":{"line":218,"column":17}},"116":{"start":{"line":222,"column":6},"end":{"line":222,"column":21}},"117":{"start":{"line":223,"column":6},"end":{"line":226,"column":9}},"118":{"start":{"line":228,"column":11},"end":{"line":243,"column":null}},"119":{"start":{"line":229,"column":5},"end":{"line":229,"column":51}},"120":{"start":{"line":230,"column":11},"end":{"line":243,"column":null}},"121":{"start":{"line":231,"column":5},"end":{"line":240,"column":null}},"122":{"start":{"line":232,"column":6},"end":{"line":232,"column":21}},"123":{"start":{"line":233,"column":6},"end":{"line":236,"column":9}},"124":{"start":{"line":237,"column":6},"end":{"line":239,"column":null}},"125":{"start":{"line":238,"column":7},"end":{"line":238,"column":16}},"126":{"start":{"line":242,"column":5},"end":{"line":242,"column":55}},"127":{"start":{"line":245,"column":3},"end":{"line":253,"column":null}},"128":{"start":{"line":246,"column":4},"end":{"line":252,"column":null}},"129":{"start":{"line":247,"column":5},"end":{"line":251,"column":null}},"130":{"start":{"line":248,"column":6},"end":{"line":248,"column":74}},"131":{"start":{"line":249,"column":12},"end":{"line":251,"column":null}},"132":{"start":{"line":250,"column":6},"end":{"line":250,"column":55}},"133":{"start":{"line":256,"column":1},"end":{"line":256,"column":15}}},"fnMap":{"0":{"name":"(anonymous_9)","decl":{"start":{"line":6,"column":20},"end":{"line":6,"column":21}},"loc":{"start":{"line":6,"column":38},"end":{"line":6,"column":93}}},"1":{"name":"(anonymous_10)","decl":{"start":{"line":7,"column":20},"end":{"line":7,"column":21}},"loc":{"start":{"line":7,"column":38},"end":{"line":7,"column":93}}},"2":{"name":"(anonymous_11)","decl":{"start":{"line":14,"column":1},"end":{"line":14,"column":20}},"loc":{"start":{"line":14,"column":62},"end":{"line":21,"column":2}}},"3":{"name":"(anonymous_12)","decl":{"start":{"line":23,"column":8},"end":{"line":23,"column":13}},"loc":{"start":{"line":23,"column":24},"end":{"line":27,"column":2}}},"4":{"name":"(anonymous_13)","decl":{"start":{"line":29,"column":8},"end":{"line":29,"column":16}},"loc":{"start":{"line":29,"column":16},"end":{"line":34,"column":2}}},"5":{"name":"(anonymous_14)","decl":{"start":{"line":36,"column":8},"end":{"line":36,"column":14}},"loc":{"start":{"line":36,"column":14},"end":{"line":39,"column":2}}},"6":{"name":"(anonymous_15)","decl":{"start":{"line":41,"column":8},"end":{"line":41,"column":16}},"loc":{"start":{"line":41,"column":16},"end":{"line":44,"column":2}}},"7":{"name":"(anonymous_16)","decl":{"start":{"line":46,"column":8},"end":{"line":46,"column":16}},"loc":{"start":{"line":46,"column":16},"end":{"line":50,"column":2}}},"8":{"name":"(anonymous_17)","decl":{"start":{"line":47,"column":30},"end":{"line":47,"column":31}},"loc":{"start":{"line":47,"column":45},"end":{"line":49,"column":3}}},"9":{"name":"(anonymous_18)","decl":{"start":{"line":52,"column":8},"end":{"line":52,"column":15}},"loc":{"start":{"line":52,"column":33},"end":{"line":64,"column":2}}},"10":{"name":"(anonymous_19)","decl":{"start":{"line":54,"column":30},"end":{"line":54,"column":31}},"loc":{"start":{"line":54,"column":56},"end":{"line":63,"column":3}}},"11":{"name":"(anonymous_20)","decl":{"start":{"line":66,"column":8},"end":{"line":66,"column":23}},"loc":{"start":{"line":66,"column":67},"end":{"line":72,"column":2}}},"12":{"name":"(anonymous_21)","decl":{"start":{"line":74,"column":8},"end":{"line":74,"column":23}},"loc":{"start":{"line":74,"column":67},"end":{"line":80,"column":2}}},"13":{"name":"(anonymous_22)","decl":{"start":{"line":82,"column":8},"end":{"line":82,"column":19}},"loc":{"start":{"line":82,"column":35},"end":{"line":89,"column":2}}},"14":{"name":"(anonymous_23)","decl":{"start":{"line":91,"column":8},"end":{"line":91,"column":11}},"loc":{"start":{"line":91,"column":11},"end":{"line":94,"column":2}}},"15":{"name":"(anonymous_24)","decl":{"start":{"line":96,"column":8},"end":{"line":96,"column":11}},"loc":{"start":{"line":96,"column":11},"end":{"line":98,"column":2}}},"16":{"name":"(anonymous_25)","decl":{"start":{"line":104,"column":44},"end":{"line":104,"column":54}},"loc":{"start":{"line":104,"column":68},"end":{"line":110,"column":4}}},"17":{"name":"(anonymous_26)","decl":{"start":{"line":112,"column":44},"end":{"line":112,"column":54}},"loc":{"start":{"line":112,"column":68},"end":{"line":118,"column":4}}},"18":{"name":"(anonymous_27)","decl":{"start":{"line":125,"column":1},"end":{"line":125,"column":20}},"loc":{"start":{"line":125,"column":67},"end":{"line":127,"column":2}}},"19":{"name":"(anonymous_28)","decl":{"start":{"line":129,"column":8},"end":{"line":129,"column":19}},"loc":{"start":{"line":129,"column":35},"end":{"line":132,"column":2}}},"20":{"name":"node","decl":{"start":{"line":135,"column":16},"end":{"line":135,"column":20}},"loc":{"start":{"line":135,"column":31},"end":{"line":137,"column":1}}},"21":{"name":"oneOf","decl":{"start":{"line":139,"column":16},"end":{"line":139,"column":21}},"loc":{"start":{"line":139,"column":69},"end":{"line":141,"column":1}}},"22":{"name":"(anonymous_31)","decl":{"start":{"line":144,"column":42},"end":{"line":144,"column":49}},"loc":{"start":{"line":144,"column":115},"end":{"line":257,"column":2}}},"23":{"name":"(anonymous_32)","decl":{"start":{"line":144,"column":115},"end":{"line":144,"column":null}},"loc":{"start":{"line":144,"column":115},"end":{"line":257,"column":1}}}},"branchMap":{"0":{"loc":{"start":{"line":6,"column":38},"end":{"line":6,"column":59}},"type":"binary-expr","locations":[{"start":{"line":6,"column":38},"end":{"line":6,"column":59}},{"start":{"line":6,"column":63},"end":{"line":6,"column":93}}]},"1":{"loc":{"start":{"line":7,"column":38},"end":{"line":7,"column":59}},"type":"binary-expr","locations":[{"start":{"line":7,"column":38},"end":{"line":7,"column":59}},{"start":{"line":7,"column":63},"end":{"line":7,"column":93}}]},"2":{"loc":{"start":{"line":30,"column":2},"end":{"line":32,"column":null}},"type":"if","locations":[{"start":{"line":30,"column":2},"end":{"line":32,"column":null}},{"start":{"line":30,"column":2},"end":{"line":32,"column":null}}]},"3":{"loc":{"start":{"line":52,"column":31},"end":{"line":52,"column":33}},"type":"default-arg","locations":[{"start":{"line":52,"column":31},"end":{"line":52,"column":33}}]},"4":{"loc":{"start":{"line":55,"column":19},"end":{"line":55,"column":23}},"type":"default-arg","locations":[{"start":{"line":55,"column":19},"end":{"line":55,"column":23}}]},"5":{"loc":{"start":{"line":56,"column":3},"end":{"line":58,"column":null}},"type":"if","locations":[{"start":{"line":56,"column":3},"end":{"line":58,"column":null}},{"start":{"line":56,"column":3},"end":{"line":58,"column":null}}]},"6":{"loc":{"start":{"line":59,"column":3},"end":{"line":61,"column":null}},"type":"if","locations":[{"start":{"line":59,"column":3},"end":{"line":61,"column":null}},{"start":{"line":59,"column":3},"end":{"line":61,"column":null}}]},"7":{"loc":{"start":{"line":84,"column":2},"end":{"line":86,"column":null}},"type":"if","locations":[{"start":{"line":84,"column":2},"end":{"line":86,"column":null}},{"start":{"line":84,"column":2},"end":{"line":86,"column":null}}]},"8":{"loc":{"start":{"line":102,"column":1},"end":{"line":120,"column":null}},"type":"if","locations":[{"start":{"line":102,"column":1},"end":{"line":120,"column":null}},{"start":{"line":102,"column":1},"end":{"line":120,"column":null}}]},"9":{"loc":{"start":{"line":102,"column":5},"end":{"line":102,"column":22}},"type":"binary-expr","locations":[{"start":{"line":102,"column":5},"end":{"line":102,"column":22}},{"start":{"line":102,"column":26},"end":{"line":102,"column":73}}]},"10":{"loc":{"start":{"line":103,"column":2},"end":{"line":119,"column":null}},"type":"if","locations":[{"start":{"line":103,"column":2},"end":{"line":119,"column":null}},{"start":{"line":103,"column":2},"end":{"line":119,"column":null}}]},"11":{"loc":{"start":{"line":111,"column":9},"end":{"line":119,"column":null}},"type":"if","locations":[{"start":{"line":111,"column":9},"end":{"line":119,"column":null}},{"start":{"line":111,"column":9},"end":{"line":119,"column":null}}]},"12":{"loc":{"start":{"line":144,"column":90},"end":{"line":144,"column":92}},"type":"default-arg","locations":[{"start":{"line":144,"column":90},"end":{"line":144,"column":92}}]},"13":{"loc":{"start":{"line":144,"column":109},"end":{"line":144,"column":111}},"type":"default-arg","locations":[{"start":{"line":144,"column":109},"end":{"line":144,"column":111}}]},"14":{"loc":{"start":{"line":145,"column":21},"end":{"line":145,"column":25}},"type":"default-arg","locations":[{"start":{"line":145,"column":21},"end":{"line":145,"column":25}}]},"15":{"loc":{"start":{"line":145,"column":37},"end":{"line":145,"column":39}},"type":"default-arg","locations":[{"start":{"line":145,"column":37},"end":{"line":145,"column":39}}]},"16":{"loc":{"start":{"line":150,"column":2},"end":{"line":176,"column":null}},"type":"if","locations":[{"start":{"line":150,"column":2},"end":{"line":176,"column":null}},{"start":{"line":150,"column":2},"end":{"line":176,"column":null}}]},"17":{"loc":{"start":{"line":152,"column":9},"end":{"line":176,"column":null}},"type":"if","locations":[{"start":{"line":152,"column":9},"end":{"line":176,"column":null}},{"start":{"line":152,"column":9},"end":{"line":176,"column":null}}]},"18":{"loc":{"start":{"line":155,"column":4},"end":{"line":157,"column":null}},"type":"if","locations":[{"start":{"line":155,"column":4},"end":{"line":157,"column":null}},{"start":{"line":155,"column":4},"end":{"line":157,"column":null}}]},"19":{"loc":{"start":{"line":159,"column":4},"end":{"line":165,"column":null}},"type":"if","locations":[{"start":{"line":159,"column":4},"end":{"line":165,"column":null}},{"start":{"line":159,"column":4},"end":{"line":165,"column":null}}]},"20":{"loc":{"start":{"line":167,"column":3},"end":{"line":172,"column":null}},"type":"if","locations":[{"start":{"line":167,"column":3},"end":{"line":172,"column":null}},{"start":{"line":167,"column":3},"end":{"line":172,"column":null}}]},"21":{"loc":{"start":{"line":174,"column":9},"end":{"line":176,"column":null}},"type":"if","locations":[{"start":{"line":174,"column":9},"end":{"line":176,"column":null}},{"start":{"line":174,"column":9},"end":{"line":176,"column":null}}]},"22":{"loc":{"start":{"line":179,"column":2},"end":{"line":183,"column":null}},"type":"if","locations":[{"start":{"line":179,"column":2},"end":{"line":183,"column":null}},{"start":{"line":179,"column":2},"end":{"line":183,"column":null}}]},"23":{"loc":{"start":{"line":188,"column":3},"end":{"line":197,"column":null}},"type":"if","locations":[{"start":{"line":188,"column":3},"end":{"line":197,"column":null}},{"start":{"line":188,"column":3},"end":{"line":197,"column":null}}]},"24":{"loc":{"start":{"line":188,"column":7},"end":{"line":188,"column":20}},"type":"binary-expr","locations":[{"start":{"line":188,"column":7},"end":{"line":188,"column":20}},{"start":{"line":188,"column":24},"end":{"line":188,"column":32}}]},"25":{"loc":{"start":{"line":194,"column":4},"end":{"line":196,"column":null}},"type":"if","locations":[{"start":{"line":194,"column":4},"end":{"line":196,"column":null}},{"start":{"line":194,"column":4},"end":{"line":196,"column":null}}]},"26":{"loc":{"start":{"line":198,"column":3},"end":{"line":200,"column":null}},"type":"if","locations":[{"start":{"line":198,"column":3},"end":{"line":200,"column":null}},{"start":{"line":198,"column":3},"end":{"line":200,"column":null}}]},"27":{"loc":{"start":{"line":198,"column":7},"end":{"line":198,"column":21}},"type":"binary-expr","locations":[{"start":{"line":198,"column":7},"end":{"line":198,"column":21}},{"start":{"line":198,"column":25},"end":{"line":198,"column":33}}]},"28":{"loc":{"start":{"line":202,"column":4},"end":{"line":207,"column":null}},"type":"if","locations":[{"start":{"line":202,"column":4},"end":{"line":207,"column":null}},{"start":{"line":202,"column":4},"end":{"line":207,"column":null}}]},"29":{"loc":{"start":{"line":209,"column":4},"end":{"line":243,"column":null}},"type":"if","locations":[{"start":{"line":209,"column":4},"end":{"line":243,"column":null}},{"start":{"line":209,"column":4},"end":{"line":243,"column":null}}]},"30":{"loc":{"start":{"line":210,"column":5},"end":{"line":227,"column":null}},"type":"if","locations":[{"start":{"line":210,"column":5},"end":{"line":227,"column":null}},{"start":{"line":210,"column":5},"end":{"line":227,"column":null}}]},"31":{"loc":{"start":{"line":211,"column":6},"end":{"line":220,"column":null}},"type":"if","locations":[{"start":{"line":211,"column":6},"end":{"line":220,"column":null}},{"start":{"line":211,"column":6},"end":{"line":220,"column":null}}]},"32":{"loc":{"start":{"line":215,"column":17},"end":{"line":215,"column":24}},"type":"binary-expr","locations":[{"start":{"line":215,"column":17},"end":{"line":215,"column":24}},{"start":{"line":215,"column":28},"end":{"line":215,"column":43}}]},"33":{"loc":{"start":{"line":217,"column":7},"end":{"line":219,"column":null}},"type":"if","locations":[{"start":{"line":217,"column":7},"end":{"line":219,"column":null}},{"start":{"line":217,"column":7},"end":{"line":219,"column":null}}]},"34":{"loc":{"start":{"line":228,"column":11},"end":{"line":243,"column":null}},"type":"if","locations":[{"start":{"line":228,"column":11},"end":{"line":243,"column":null}},{"start":{"line":228,"column":11},"end":{"line":243,"column":null}}]},"35":{"loc":{"start":{"line":230,"column":11},"end":{"line":243,"column":null}},"type":"if","locations":[{"start":{"line":230,"column":11},"end":{"line":243,"column":null}},{"start":{"line":230,"column":11},"end":{"line":243,"column":null}}]},"36":{"loc":{"start":{"line":231,"column":5},"end":{"line":240,"column":null}},"type":"if","locations":[{"start":{"line":231,"column":5},"end":{"line":240,"column":null}},{"start":{"line":231,"column":5},"end":{"line":240,"column":null}}]},"37":{"loc":{"start":{"line":235,"column":16},"end":{"line":235,"column":23}},"type":"binary-expr","locations":[{"start":{"line":235,"column":16},"end":{"line":235,"column":23}},{"start":{"line":235,"column":27},"end":{"line":235,"column":42}}]},"38":{"loc":{"start":{"line":237,"column":6},"end":{"line":239,"column":null}},"type":"if","locations":[{"start":{"line":237,"column":6},"end":{"line":239,"column":null}},{"start":{"line":237,"column":6},"end":{"line":239,"column":null}}]},"39":{"loc":{"start":{"line":245,"column":3},"end":{"line":253,"column":null}},"type":"if","locations":[{"start":{"line":245,"column":3},"end":{"line":253,"column":null}},{"start":{"line":245,"column":3},"end":{"line":253,"column":null}}]},"40":{"loc":{"start":{"line":247,"column":5},"end":{"line":251,"column":null}},"type":"if","locations":[{"start":{"line":247,"column":5},"end":{"line":251,"column":null}},{"start":{"line":247,"column":5},"end":{"line":251,"column":null}}]},"41":{"loc":{"start":{"line":249,"column":12},"end":{"line":251,"column":null}},"type":"if","locations":[{"start":{"line":249,"column":12},"end":{"line":251,"column":null}},{"start":{"line":249,"column":12},"end":{"line":251,"column":null}}]}},"s":{"0":1,"1":1,"2":1,"3":1,"4":86,"5":1,"6":72,"7":3,"8":3,"9":3,"10":0,"11":0,"12":0,"13":0,"14":0,"15":0,"16":3,"17":3,"18":0,"19":0,"20":1,"21":1,"22":0,"23":0,"24":0,"25":0,"26":0,"27":0,"28":0,"29":1,"30":1,"31":0,"32":0,"33":0,"34":0,"35":0,"36":0,"37":0,"38":0,"39":0,"40":3,"41":1,"42":1,"43":93,"44":86,"45":14,"46":0,"47":0,"48":72,"49":72,"50":2,"51":2,"52":0,"53":0,"54":0,"55":0,"56":1,"57":3,"58":1,"59":0,"60":1,"61":1,"62":1,"63":1,"64":1,"65":1,"66":3,"67":3,"68":3,"69":0,"70":0,"71":0,"72":0,"73":0,"74":0,"75":0,"76":0,"77":0,"78":0,"79":0,"80":0,"81":0,"82":0,"83":0,"84":0,"85":3,"86":3,"87":3,"88":3,"89":0,"90":3,"91":3,"92":3,"93":3,"94":3,"95":3,"96":0,"97":0,"98":0,"99":0,"100":3,"101":0,"102":3,"103":3,"104":0,"105":0,"106":0,"107":0,"108":3,"109":3,"110":2,"111":2,"112":0,"113":0,"114":0,"115":0,"116":0,"117":0,"118":1,"119":0,"120":1,"121":1,"122":0,"123":0,"124":0,"125":0,"126":0,"127":3,"128":3,"129":0,"130":0,"131":0,"132":0,"133":1},"f":{"0":86,"1":72,"2":3,"3":0,"4":0,"5":3,"6":0,"7":1,"8":1,"9":0,"10":0,"11":1,"12":0,"13":0,"14":0,"15":3,"16":0,"17":2,"18":0,"19":0,"20":3,"21":0,"22":1,"23":1},"b":{"0":[86,81],"1":[72,3],"2":[0,0],"3":[0],"4":[0],"5":[0,0],"6":[0,0],"7":[0,0],"8":[86,7],"9":[93,92],"10":[14,72],"11":[72,0],"12":[0],"13":[1],"14":[1],"15":[1],"16":[3,0],"17":[0,0],"18":[0,0],"19":[0,0],"20":[0,0],"21":[0,0],"22":[0,3],"23":[0,3],"24":[3,3],"25":[0,0],"26":[0,3],"27":[3,0],"28":[0,3],"29":[2,1],"30":[2,0],"31":[0,2],"32":[0,0],"33":[0,0],"34":[0,1],"35":[1,0],"36":[0,1],"37":[0,0],"38":[0,0],"39":[3,0],"40":[0,0],"41":[0,0]}}
}
