TN:
SF:packages/errors/src/index.ts
FN:17,(anonymous_0)
FN:27,(anonymous_1)
FN:32,(anonymous_2)
FN:37,(anonymous_3)
FN:42,(anonymous_4)
FN:47,(anonymous_5)
FN:52,(anonymous_6)
FN:57,(anonymous_7)
FN:61,(anonymous_8)
FN:65,(anonymous_9)
FN:76,(anonymous_10)
FN:81,(anonymous_11)
FN:88,(anonymous_12)
FN:97,(anonymous_13)
FN:106,(anonymous_14)
FN:115,(anonymous_15)
FN:124,(anonymous_16)
FN:133,(anonymous_17)
FN:142,(anonymous_18)
FN:146,(anonymous_19)
FN:151,(anonymous_20)
FN:160,(anonymous_21)
FN:166,(anonymous_22)
FN:175,(anonymous_23)
FN:182,(anonymous_24)
FN:188,(anonymous_25)
FN:195,(anonymous_26)
FN:201,(anonymous_27)
FNF:28
FNH:28
FNDA:14,(anonymous_0)
FNDA:12,(anonymous_1)
FNDA:12,(anonymous_2)
FNDA:12,(anonymous_3)
FNDA:1,(anonymous_4)
FNDA:12,(anonymous_5)
FNDA:12,(anonymous_6)
FNDA:24,(anonymous_7)
FNDA:48,(anonymous_8)
FNDA:74,(anonymous_9)
FNDA:4,(anonymous_10)
FNDA:1,(anonymous_11)
FNDA:1,(anonymous_12)
FNDA:1,(anonymous_13)
FNDA:1,(anonymous_14)
FNDA:1,(anonymous_15)
FNDA:1,(anonymous_16)
FNDA:2,(anonymous_17)
FNDA:1,(anonymous_18)
FNDA:1,(anonymous_19)
FNDA:2,(anonymous_20)
FNDA:1,(anonymous_21)
FNDA:1,(anonymous_22)
FNDA:2,(anonymous_23)
FNDA:1,(anonymous_24)
FNDA:37,(anonymous_25)
FNDA:12,(anonymous_26)
FNDA:24,(anonymous_27)
DA:1,1
DA:3,1
DA:9,14
DA:10,14
DA:18,14
DA:20,14
DA:22,14
DA:23,14
DA:28,12
DA:29,12
DA:33,12
DA:34,12
DA:38,12
DA:39,12
DA:43,1
DA:44,1
DA:48,12
DA:49,12
DA:53,12
DA:54,12
DA:58,24
DA:62,48
DA:63,24
DA:65,24
DA:66,74
DA:67,74
DA:72,1
DA:73,4
DA:74,4
DA:76,4
DA:77,4
DA:81,1
DA:82,1
DA:85,1
DA:86,1
DA:88,1
DA:89,1
DA:93,1
DA:94,1
DA:95,1
DA:97,1
DA:98,1
DA:102,1
DA:103,1
DA:104,1
DA:106,1
DA:107,1
DA:111,1
DA:112,1
DA:113,1
DA:115,1
DA:116,1
DA:120,1
DA:121,1
DA:122,1
DA:124,1
DA:125,1
DA:129,1
DA:130,2
DA:131,2
DA:133,2
DA:134,2
DA:138,1
DA:139,1
DA:142,1
DA:143,1
DA:147,1
DA:148,1
DA:152,2
DA:156,1
DA:157,1
DA:158,1
DA:160,1
DA:161,1
DA:167,1
DA:171,1
DA:172,2
DA:173,2
DA:175,2
DA:176,2
DA:180,1
DA:181,1
DA:182,1
DA:183,1
DA:187,1
DA:189,37
DA:190,36
DA:192,1
DA:196,12
DA:197,12
DA:198,12
DA:202,24
DA:203,24
DA:204,24
LF:94
LH:94
BRDA:22,0,0,14
BRDA:22,0,1,0
BRDA:61,1,0,0
BRDA:62,2,0,24
BRDA:62,2,1,24
BRDA:76,3,0,1
BRDA:88,4,0,0
BRDA:97,5,0,0
BRDA:106,6,0,0
BRDA:115,7,0,0
BRDA:124,8,0,0
BRDA:133,9,0,0
BRDA:142,10,0,0
BRDA:160,11,0,0
BRDA:175,12,0,1
BRDA:189,13,0,36
BRDA:189,13,1,1
BRDA:201,14,0,0
BRF:18
BRH:7
end_of_record
TN:
SF:packages/utils/src/index.ts
FN:5,(anonymous_1)
FN:7,(anonymous_2)
FN:11,(anonymous_3)
FN:15,(anonymous_4)
FN:19,(anonymous_5)
FNF:5
FNH:4
FNDA:0,(anonymous_1)
FNDA:1,(anonymous_2)
FNDA:1,(anonymous_3)
FNDA:1,(anonymous_4)
FNDA:1,(anonymous_5)
DA:1,1
DA:2,1
DA:5,1
DA:7,1
DA:8,1
DA:11,1
DA:12,1
DA:15,1
DA:16,1
DA:19,1
DA:21,1
LF:11
LH:11
BRF:0
BRH:0
end_of_record
