TN:
SF:packages/errors/src/index.ts
FN:17,(anonymous_0)
FN:27,(anonymous_1)
FN:32,(anonymous_2)
FN:37,(anonymous_3)
FN:42,(anonymous_4)
FN:47,(anonymous_5)
FN:52,(anonymous_6)
FN:57,(anonymous_7)
FN:61,(anonymous_8)
FN:65,(anonymous_9)
FN:76,(anonymous_10)
FN:81,(anonymous_11)
FN:88,(anonymous_12)
FN:97,(anonymous_13)
FN:106,(anonymous_14)
FN:115,(anonymous_15)
FN:124,(anonymous_16)
FN:133,(anonymous_17)
FN:142,(anonymous_18)
FN:146,(anonymous_19)
FN:151,(anonymous_20)
FN:160,(anonymous_21)
FN:166,(anonymous_22)
FN:175,(anonymous_23)
FN:182,(anonymous_24)
FN:188,(anonymous_25)
FN:195,(anonymous_26)
FN:201,(anonymous_27)
FNF:28
FNH:28
FNDA:14,(anonymous_0)
FNDA:12,(anonymous_1)
FNDA:12,(anonymous_2)
FNDA:12,(anonymous_3)
FNDA:1,(anonymous_4)
FNDA:12,(anonymous_5)
FNDA:12,(anonymous_6)
FNDA:24,(anonymous_7)
FNDA:48,(anonymous_8)
FNDA:74,(anonymous_9)
FNDA:4,(anonymous_10)
FNDA:1,(anonymous_11)
FNDA:1,(anonymous_12)
FNDA:1,(anonymous_13)
FNDA:1,(anonymous_14)
FNDA:1,(anonymous_15)
FNDA:1,(anonymous_16)
FNDA:2,(anonymous_17)
FNDA:1,(anonymous_18)
FNDA:1,(anonymous_19)
FNDA:2,(anonymous_20)
FNDA:1,(anonymous_21)
FNDA:1,(anonymous_22)
FNDA:2,(anonymous_23)
FNDA:1,(anonymous_24)
FNDA:37,(anonymous_25)
FNDA:12,(anonymous_26)
FNDA:24,(anonymous_27)
DA:1,1
DA:3,1
DA:9,14
DA:10,14
DA:18,14
DA:20,14
DA:22,14
DA:23,14
DA:28,12
DA:29,12
DA:33,12
DA:34,12
DA:38,12
DA:39,12
DA:43,1
DA:44,1
DA:48,12
DA:49,12
DA:53,12
DA:54,12
DA:58,24
DA:62,48
DA:63,24
DA:65,24
DA:66,74
DA:67,74
DA:72,1
DA:73,4
DA:74,4
DA:76,4
DA:77,4
DA:81,1
DA:82,1
DA:85,1
DA:86,1
DA:88,1
DA:89,1
DA:93,1
DA:94,1
DA:95,1
DA:97,1
DA:98,1
DA:102,1
DA:103,1
DA:104,1
DA:106,1
DA:107,1
DA:111,1
DA:112,1
DA:113,1
DA:115,1
DA:116,1
DA:120,1
DA:121,1
DA:122,1
DA:124,1
DA:125,1
DA:129,1
DA:130,2
DA:131,2
DA:133,2
DA:134,2
DA:138,1
DA:139,1
DA:142,1
DA:143,1
DA:147,1
DA:148,1
DA:152,2
DA:156,1
DA:157,1
DA:158,1
DA:160,1
DA:161,1
DA:167,1
DA:171,1
DA:172,2
DA:173,2
DA:175,2
DA:176,2
DA:180,1
DA:181,1
DA:182,1
DA:183,1
DA:187,1
DA:189,37
DA:190,36
DA:192,1
DA:196,12
DA:197,12
DA:198,12
DA:202,24
DA:203,24
DA:204,24
LF:94
LH:94
BRDA:22,0,0,14
BRDA:22,0,1,0
BRDA:61,1,0,0
BRDA:62,2,0,24
BRDA:62,2,1,24
BRDA:76,3,0,1
BRDA:88,4,0,0
BRDA:97,5,0,0
BRDA:106,6,0,0
BRDA:115,7,0,0
BRDA:124,8,0,0
BRDA:133,9,0,0
BRDA:142,10,0,0
BRDA:160,11,0,0
BRDA:175,12,0,1
BRDA:189,13,0,36
BRDA:189,13,1,1
BRDA:201,14,0,0
BRF:18
BRH:7
end_of_record
TN:
SF:packages/utils/src/index.ts
FN:5,(anonymous_1)
FN:7,(anonymous_2)
FN:11,(anonymous_3)
FN:15,(anonymous_4)
FN:19,(anonymous_5)
FNF:5
FNH:4
FNDA:0,(anonymous_1)
FNDA:1,(anonymous_2)
FNDA:1,(anonymous_3)
FNDA:1,(anonymous_4)
FNDA:1,(anonymous_5)
DA:1,1
DA:2,1
DA:5,1
DA:7,1
DA:8,1
DA:11,1
DA:12,1
DA:15,1
DA:16,1
DA:19,1
DA:21,1
LF:11
LH:11
BRF:0
BRH:0
end_of_record
TN:
SF:packages/validator/src/index.ts
FNF:0
FNH:0
DA:2,1
LF:1
LH:1
BRF:0
BRH:0
end_of_record
TN:
SF:packages/validator/src/validator.ts
FN:6,(anonymous_9)
FN:7,(anonymous_10)
FN:14,(anonymous_11)
FN:23,(anonymous_12)
FN:29,(anonymous_13)
FN:36,(anonymous_14)
FN:41,(anonymous_15)
FN:46,(anonymous_16)
FN:47,(anonymous_17)
FN:52,(anonymous_18)
FN:54,(anonymous_19)
FN:66,(anonymous_20)
FN:74,(anonymous_21)
FN:82,(anonymous_22)
FN:91,(anonymous_23)
FN:96,(anonymous_24)
FN:104,(anonymous_25)
FN:112,(anonymous_26)
FN:125,(anonymous_27)
FN:129,(anonymous_28)
FN:135,node
FN:139,oneOf
FN:144,(anonymous_31)
FN:144,(anonymous_32)
FNF:24
FNH:12
FNDA:86,(anonymous_9)
FNDA:72,(anonymous_10)
FNDA:3,(anonymous_11)
FNDA:0,(anonymous_12)
FNDA:0,(anonymous_13)
FNDA:3,(anonymous_14)
FNDA:0,(anonymous_15)
FNDA:1,(anonymous_16)
FNDA:1,(anonymous_17)
FNDA:0,(anonymous_18)
FNDA:0,(anonymous_19)
FNDA:1,(anonymous_20)
FNDA:0,(anonymous_21)
FNDA:0,(anonymous_22)
FNDA:0,(anonymous_23)
FNDA:3,(anonymous_24)
FNDA:0,(anonymous_25)
FNDA:2,(anonymous_26)
FNDA:0,(anonymous_27)
FNDA:0,(anonymous_28)
FNDA:3,node
FNDA:0,oneOf
FNDA:1,(anonymous_31)
FNDA:1,(anonymous_32)
DA:1,1
DA:3,1
DA:4,1
DA:6,86
DA:7,72
DA:11,1
DA:14,3
DA:15,3
DA:24,0
DA:25,0
DA:26,0
DA:30,0
DA:31,0
DA:33,0
DA:37,3
DA:38,3
DA:42,0
DA:43,0
DA:47,1
DA:48,1
DA:54,0
DA:55,0
DA:56,0
DA:57,0
DA:59,0
DA:60,0
DA:62,0
DA:67,1
DA:71,1
DA:75,0
DA:79,0
DA:83,0
DA:84,0
DA:85,0
DA:87,0
DA:88,0
DA:92,0
DA:93,0
DA:97,3
DA:101,1
DA:102,93
DA:103,86
DA:104,14
DA:105,0
DA:109,0
DA:111,72
DA:112,72
DA:113,2
DA:117,2
DA:123,1
DA:125,0
DA:126,0
DA:130,0
DA:131,0
DA:135,1
DA:136,3
DA:139,1
DA:140,0
DA:144,1
DA:145,1
DA:146,1
DA:148,1
DA:149,3
DA:150,3
DA:151,3
DA:152,0
DA:153,0
DA:154,0
DA:155,0
DA:156,0
DA:158,0
DA:159,0
DA:160,0
DA:161,0
DA:163,0
DA:164,0
DA:167,0
DA:168,0
DA:173,0
DA:174,0
DA:175,0
DA:177,3
DA:178,3
DA:179,3
DA:180,0
DA:182,3
DA:184,3
DA:185,3
DA:186,3
DA:187,3
DA:188,3
DA:189,0
DA:190,0
DA:194,0
DA:195,0
DA:198,3
DA:199,0
DA:201,3
DA:202,3
DA:203,0
DA:204,0
DA:205,0
DA:206,0
DA:208,3
DA:209,3
DA:210,2
DA:211,2
DA:212,0
DA:213,0
DA:217,0
DA:218,0
DA:222,0
DA:223,0
DA:228,1
DA:229,0
DA:230,1
DA:231,1
DA:232,0
DA:233,0
DA:237,0
DA:238,0
DA:242,0
DA:245,3
DA:246,3
DA:247,0
DA:248,0
DA:249,0
DA:250,0
DA:256,1
LF:129
LH:56
BRDA:6,0,0,86
BRDA:6,0,1,81
BRDA:7,1,0,72
BRDA:7,1,1,3
BRDA:30,2,0,0
BRDA:30,2,1,0
BRDA:52,3,0,0
BRDA:55,4,0,0
BRDA:56,5,0,0
BRDA:56,5,1,0
BRDA:59,6,0,0
BRDA:59,6,1,0
BRDA:84,7,0,0
BRDA:84,7,1,0
BRDA:102,8,0,86
BRDA:102,8,1,7
BRDA:102,9,0,93
BRDA:102,9,1,92
BRDA:103,10,0,14
BRDA:103,10,1,72
BRDA:111,11,0,72
BRDA:111,11,1,0
BRDA:144,12,0,0
BRDA:144,13,0,1
BRDA:145,14,0,1
BRDA:145,15,0,1
BRDA:150,16,0,3
BRDA:150,16,1,0
BRDA:152,17,0,0
BRDA:152,17,1,0
BRDA:155,18,0,0
BRDA:155,18,1,0
BRDA:159,19,0,0
BRDA:159,19,1,0
BRDA:167,20,0,0
BRDA:167,20,1,0
BRDA:174,21,0,0
BRDA:174,21,1,0
BRDA:179,22,0,0
BRDA:179,22,1,3
BRDA:188,23,0,0
BRDA:188,23,1,3
BRDA:188,24,0,3
BRDA:188,24,1,3
BRDA:194,25,0,0
BRDA:194,25,1,0
BRDA:198,26,0,0
BRDA:198,26,1,3
BRDA:198,27,0,3
BRDA:198,27,1,0
BRDA:202,28,0,0
BRDA:202,28,1,3
BRDA:209,29,0,2
BRDA:209,29,1,1
BRDA:210,30,0,2
BRDA:210,30,1,0
BRDA:211,31,0,0
BRDA:211,31,1,2
BRDA:215,32,0,0
BRDA:215,32,1,0
BRDA:217,33,0,0
BRDA:217,33,1,0
BRDA:228,34,0,0
BRDA:228,34,1,1
BRDA:230,35,0,1
BRDA:230,35,1,0
BRDA:231,36,0,0
BRDA:231,36,1,1
BRDA:235,37,0,0
BRDA:235,37,1,0
BRDA:237,38,0,0
BRDA:237,38,1,0
BRDA:245,39,0,3
BRDA:245,39,1,0
BRDA:247,40,0,0
BRDA:247,40,1,0
BRDA:249,41,0,0
BRDA:249,41,1,0
BRF:78
BRH:30
end_of_record
